<?xml version="1.0" ?>
<coverage version="7.6.4" timestamp="1731558867000" lines-valid="18" lines-covered="2" line-rate="0.1111" branches-valid="0" branches-covered="0" branch-rate="1" complexity="0">
	<!-- Generated by coverage.py: https://coverage.readthedocs.io/en/7.6.4 -->
	<!-- Based on https://raw.githubusercontent.com/cobertura/web/master/htdocs/xml/coverage-04.dtd -->
	<sources>
		<source>/Users/aprigent/Library/CloudStorage/GoogleDrive-armelle.prigent@gmail.com/Mon Drive/DONNEES/G_2024-2025/2024-2025/Cours/Master Info/Ingenierie logicielle/CICD/TP/my-arithmetic2-aprigent</source>
	</sources>
	<packages>
		<package name="tests" line-rate="0.1111" branch-rate="1" complexity="0">
			<classes>
				<class name="__init__.py" filename="tests/__init__.py" complexity="0" line-rate="1" branch-rate="1">
					<methods/>
					<lines/>
				</class>
				<class name="test_pgcd.py" filename="tests/test_pgcd.py" complexity="0" line-rate="0.1111" branch-rate="1">
					<methods/>
					<lines>
						<line number="1" hits="1"/>
						<line number="2" hits="1"/>
						<line number="4" hits="0"/>
						<line number="6" hits="0"/>
						<line number="7" hits="0"/>
						<line number="8" hits="0"/>
						<line number="10" hits="0"/>
						<line number="11" hits="0"/>
						<line number="12" hits="0"/>
						<line number="14" hits="0"/>
						<line number="15" hits="0"/>
						<line number="16" hits="0"/>
						<line number="18" hits="0"/>
						<line number="19" hits="0"/>
						<line number="20" hits="0"/>
						<line number="21" hits="0"/>
						<line number="22" hits="0"/>
						<line number="23" hits="0"/>
					</lines>
				</class>
			</classes>
		</package>
	</packages>
</coverage>
